Determining if the pthread_create exist failed with the following output:
Change Dir: /media/ishara/Data/MAS/measurement_detection/Hydra_v1/core/CMakeFiles/CMakeTmp

Run Build Command:"/usr/bin/make" "cmTC_70ddb/fast"
/usr/bin/make -f CMakeFiles/cmTC_70ddb.dir/build.make CMakeFiles/cmTC_70ddb.dir/build
make[1]: Entering directory '/media/ishara/Data/MAS/measurement_detection/Hydra_v1/core/CMakeFiles/CMakeTmp'
Building C object CMakeFiles/cmTC_70ddb.dir/CheckSymbolExists.c.o
/usr/bin/cc    -fPIC    -o CMakeFiles/cmTC_70ddb.dir/CheckSymbolExists.c.o   -c /media/ishara/Data/MAS/measurement_detection/Hydra_v1/core/CMakeFiles/CMakeTmp/CheckSymbolExists.c
Linking C executable cmTC_70ddb
/usr/bin/cmake -E cmake_link_script CMakeFiles/cmTC_70ddb.dir/link.txt --verbose=1
/usr/bin/cc  -fPIC     CMakeFiles/cmTC_70ddb.dir/CheckSymbolExists.c.o  -o cmTC_70ddb -rdynamic 
CMakeFiles/cmTC_70ddb.dir/CheckSymbolExists.c.o: In function `main':
CheckSymbolExists.c:(.text+0x1b): undefined reference to `pthread_create'
collect2: error: ld returned 1 exit status
CMakeFiles/cmTC_70ddb.dir/build.make:97: recipe for target 'cmTC_70ddb' failed
make[1]: *** [cmTC_70ddb] Error 1
make[1]: Leaving directory '/media/ishara/Data/MAS/measurement_detection/Hydra_v1/core/CMakeFiles/CMakeTmp'
Makefile:126: recipe for target 'cmTC_70ddb/fast' failed
make: *** [cmTC_70ddb/fast] Error 2

File /media/ishara/Data/MAS/measurement_detection/Hydra_v1/core/CMakeFiles/CMakeTmp/CheckSymbolExists.c:
/* */
#include <pthread.h>

int main(int argc, char** argv)
{
  (void)argv;
#ifndef pthread_create
  return ((int*)(&pthread_create))[argc];
#else
  (void)argc;
  return 0;
#endif
}

Determining if the function pthread_create exists in the pthreads failed with the following output:
Change Dir: /media/ishara/Data/MAS/measurement_detection/Hydra_v1/core/CMakeFiles/CMakeTmp

Run Build Command:"/usr/bin/make" "cmTC_de4db/fast"
/usr/bin/make -f CMakeFiles/cmTC_de4db.dir/build.make CMakeFiles/cmTC_de4db.dir/build
make[1]: Entering directory '/media/ishara/Data/MAS/measurement_detection/Hydra_v1/core/CMakeFiles/CMakeTmp'
Building C object CMakeFiles/cmTC_de4db.dir/CheckFunctionExists.c.o
/usr/bin/cc    -fPIC -DCHECK_FUNCTION_EXISTS=pthread_create   -o CMakeFiles/cmTC_de4db.dir/CheckFunctionExists.c.o   -c /usr/share/cmake-3.5/Modules/CheckFunctionExists.c
Linking C executable cmTC_de4db
/usr/bin/cmake -E cmake_link_script CMakeFiles/cmTC_de4db.dir/link.txt --verbose=1
/usr/bin/cc  -fPIC -DCHECK_FUNCTION_EXISTS=pthread_create    CMakeFiles/cmTC_de4db.dir/CheckFunctionExists.c.o  -o cmTC_de4db -rdynamic -lpthreads 
/usr/bin/ld: cannot find -lpthreads
collect2: error: ld returned 1 exit status
CMakeFiles/cmTC_de4db.dir/build.make:97: recipe for target 'cmTC_de4db' failed
make[1]: *** [cmTC_de4db] Error 1
make[1]: Leaving directory '/media/ishara/Data/MAS/measurement_detection/Hydra_v1/core/CMakeFiles/CMakeTmp'
Makefile:126: recipe for target 'cmTC_de4db/fast' failed
make: *** [cmTC_de4db/fast] Error 2


